<?xml version="1.0" encoding="UTF-8"?>
<coverage generated="1696231665807" clover="3.2.0">
  <project timestamp="1696231665807" name="All files">
    <metrics statements="45" coveredstatements="44" conditionals="41" coveredconditionals="32" methods="6" coveredmethods="6" elements="92" coveredelements="82" complexity="0" loc="45" ncloc="45" packages="1" files="5" classes="5"/>
    <file name="compareAndCaptureUpdates.ts" path="/Users/smt/development/package/openai-translation-updater/src/utils/compareAndCaptureUpdates.ts">
      <metrics statements="21" coveredstatements="20" conditionals="38" coveredconditionals="29" methods="1" coveredmethods="1"/>
      <line num="7" count="1" type="stmt"/>
      <line num="14" count="4" type="stmt"/>
      <line num="20" count="4" type="cond" truecount="0" falsecount="1"/>
      <line num="24" count="0" type="stmt"/>
      <line num="27" count="4" type="stmt"/>
      <line num="29" count="4" type="cond" truecount="0" falsecount="1"/>
      <line num="31" count="4" type="cond" truecount="1" falsecount="0"/>
      <line num="32" count="1" type="stmt"/>
      <line num="37" count="3" type="stmt"/>
      <line num="38" count="3" type="cond" truecount="3" falsecount="0"/>
      <line num="39" count="1" type="stmt"/>
      <line num="44" count="2" type="stmt"/>
      <line num="48" count="2" type="cond" truecount="6" falsecount="2"/>
      <line num="52" count="2" type="cond" truecount="6" falsecount="2"/>
      <line num="55" count="2" type="cond" truecount="1" falsecount="0"/>
      <line num="59" count="1" type="cond" truecount="6" falsecount="2"/>
      <line num="61" count="1" type="cond" truecount="1" falsecount="0"/>
      <line num="62" count="1" type="stmt"/>
      <line num="67" count="1" type="stmt"/>
      <line num="74" count="1" type="stmt"/>
      <line num="80" count="2" type="stmt"/>
    </file>
    <file name="executeCommand.ts" path="/Users/smt/development/package/openai-translation-updater/src/utils/executeCommand.ts">
      <metrics statements="7" coveredstatements="7" conditionals="1" coveredconditionals="1" methods="1" coveredmethods="1"/>
      <line num="1" count="2" type="stmt"/>
      <line num="3" count="2" type="stmt"/>
      <line num="4" count="2" type="stmt"/>
      <line num="5" count="2" type="cond" truecount="1" falsecount="0"/>
      <line num="6" count="1" type="stmt"/>
      <line num="7" count="1" type="stmt"/>
      <line num="9" count="1" type="stmt"/>
    </file>
    <file name="generateOpenAiAssistantContent.ts" path="/Users/smt/development/package/openai-translation-updater/src/utils/generateOpenAiAssistantContent.ts">
      <metrics statements="4" coveredstatements="4" conditionals="0" coveredconditionals="0" methods="1" coveredmethods="1"/>
      <line num="2" count="1" type="stmt"/>
      <line num="4" count="1" type="stmt"/>
      <line num="11" count="1" type="stmt"/>
      <line num="27" count="1" type="stmt"/>
    </file>
    <file name="getChangedTranslationFile.ts" path="/Users/smt/development/package/openai-translation-updater/src/utils/getChangedTranslationFile.ts">
      <metrics statements="10" coveredstatements="10" conditionals="2" coveredconditionals="2" methods="1" coveredmethods="1"/>
      <line num="1" count="1" type="stmt"/>
      <line num="3" count="1" type="stmt"/>
      <line num="8" count="3" type="stmt"/>
      <line num="9" count="3" type="stmt"/>
      <line num="11" count="3" type="cond" truecount="1" falsecount="0"/>
      <line num="12" count="1" type="stmt"/>
      <line num="19" count="2" type="stmt"/>
      <line num="21" count="2" type="cond" truecount="1" falsecount="0"/>
      <line num="22" count="1" type="stmt"/>
      <line num="29" count="1" type="stmt"/>
    </file>
    <file name="updatedItemsToString.ts" path="/Users/smt/development/package/openai-translation-updater/src/utils/updatedItemsToString.ts">
      <metrics statements="3" coveredstatements="3" conditionals="0" coveredconditionals="0" methods="2" coveredmethods="2"/>
      <line num="3" count="1" type="stmt"/>
      <line num="6" count="2" type="stmt"/>
      <line num="8" count="4" type="stmt"/>
    </file>
  </project>
</coverage>
