{"/Users/smt/development/package/openai-translation-updater/src/utils/compareAndCaptureUpdates.ts": {"path":"/Users/smt/development/package/openai-translation-updater/src/utils/compareAndCaptureUpdates.ts","statementMap":{"0":{"start":{"line":7,"column":40},"end":{"line":81,"column":1}},"1":{"start":{"line":14,"column":57},"end":{"line":17,"column":4}},"2":{"start":{"line":20,"column":2},"end":{"line":25,"column":null}},"3":{"start":{"line":24,"column":4},"end":{"line":24,"column":65}},"4":{"start":{"line":27,"column":2},"end":{"line":78,"column":null}},"5":{"start":{"line":29,"column":4},"end":{"line":29,"column":46}},"6":{"start":{"line":29,"column":37},"end":{"line":29,"column":46}},"7":{"start":{"line":31,"column":4},"end":{"line":35,"column":null}},"8":{"start":{"line":32,"column":6},"end":{"line":34,"column":8}},"9":{"start":{"line":37,"column":4},"end":{"line":77,"column":null}},"10":{"start":{"line":38,"column":6},"end":{"line":42,"column":null}},"11":{"start":{"line":39,"column":8},"end":{"line":41,"column":10}},"12":{"start":{"line":44,"column":6},"end":{"line":76,"column":null}},"13":{"start":{"line":48,"column":10},"end":{"line":50,"column":12}},"14":{"start":{"line":52,"column":10},"end":{"line":53,"column":28}},"15":{"start":{"line":55,"column":8},"end":{"line":75,"column":null}},"16":{"start":{"line":59,"column":26},"end":{"line":59,"column":74}},"17":{"start":{"line":61,"column":10},"end":{"line":65,"column":null}},"18":{"start":{"line":62,"column":12},"end":{"line":64,"column":14}},"19":{"start":{"line":67,"column":54},"end":{"line":73,"column":12}},"20":{"start":{"line":74,"column":10},"end":{"line":74,"column":64}},"21":{"start":{"line":80,"column":2},"end":{"line":80,"column":32}},"22":{"start":{"line":7,"column":13},"end":{"line":7,"column":40}}},"fnMap":{"0":{"name":"(anonymous_0)","decl":{"start":{"line":7,"column":40},"end":{"line":7,"column":41}},"loc":{"start":{"line":13,"column":29},"end":{"line":81,"column":1}}}},"branchMap":{"0":{"loc":{"start":{"line":20,"column":2},"end":{"line":25,"column":null}},"type":"if","locations":[{"start":{"line":20,"column":2},"end":{"line":25,"column":null}}]},"1":{"loc":{"start":{"line":21,"column":4},"end":{"line":22,"column":55}},"type":"binary-expr","locations":[{"start":{"line":21,"column":4},"end":{"line":21,"column":28}},{"start":{"line":22,"column":4},"end":{"line":22,"column":55}}]},"2":{"loc":{"start":{"line":29,"column":4},"end":{"line":29,"column":46}},"type":"if","locations":[{"start":{"line":29,"column":4},"end":{"line":29,"column":46}}]},"3":{"loc":{"start":{"line":31,"column":4},"end":{"line":35,"column":null}},"type":"if","locations":[{"start":{"line":31,"column":4},"end":{"line":35,"column":null}}]},"4":{"loc":{"start":{"line":38,"column":6},"end":{"line":42,"column":null}},"type":"if","locations":[{"start":{"line":38,"column":6},"end":{"line":42,"column":null}}]},"5":{"loc":{"start":{"line":38,"column":10},"end":{"line":38,"column":63}},"type":"binary-expr","locations":[{"start":{"line":38,"column":10},"end":{"line":38,"column":25}},{"start":{"line":38,"column":29},"end":{"line":38,"column":63}}]},"6":{"loc":{"start":{"line":48,"column":11},"end":{"line":49,"column":null}},"type":"cond-expr","locations":[{"start":{"line":48,"column":50},"end":{"line":48,"column":52}},{"start":{"line":48,"column":50},"end":{"line":49,"column":null}}]},"7":{"loc":{"start":{"line":48,"column":11},"end":{"line":48,"column":52}},"type":"binary-expr","locations":[{"start":{"line":48,"column":11},"end":{"line":48,"column":52}},{"start":{"line":48,"column":50},"end":{"line":48,"column":52}}]},"8":{"loc":{"start":{"line":48,"column":11},"end":{"line":48,"column":50}},"type":"cond-expr","locations":[{"start":{"line":48,"column":34},"end":{"line":48,"column":37}},{"start":{"line":48,"column":34},"end":{"line":48,"column":50}}]},"9":{"loc":{"start":{"line":48,"column":11},"end":{"line":48,"column":37}},"type":"binary-expr","locations":[{"start":{"line":48,"column":11},"end":{"line":48,"column":37}},{"start":{"line":48,"column":34},"end":{"line":48,"column":37}}]},"10":{"loc":{"start":{"line":52,"column":10},"end":{"line":52,"column":67}},"type":"cond-expr","locations":[{"start":{"line":52,"column":49},"end":{"line":52,"column":52}},{"start":{"line":52,"column":49},"end":{"line":52,"column":67}}]},"11":{"loc":{"start":{"line":52,"column":10},"end":{"line":52,"column":52}},"type":"binary-expr","locations":[{"start":{"line":52,"column":10},"end":{"line":52,"column":52}},{"start":{"line":52,"column":49},"end":{"line":52,"column":52}}]},"12":{"loc":{"start":{"line":52,"column":10},"end":{"line":52,"column":49}},"type":"cond-expr","locations":[{"start":{"line":52,"column":33},"end":{"line":52,"column":36}},{"start":{"line":52,"column":33},"end":{"line":52,"column":49}}]},"13":{"loc":{"start":{"line":52,"column":10},"end":{"line":52,"column":36}},"type":"binary-expr","locations":[{"start":{"line":52,"column":10},"end":{"line":52,"column":36}},{"start":{"line":52,"column":33},"end":{"line":52,"column":36}}]},"14":{"loc":{"start":{"line":55,"column":8},"end":{"line":75,"column":null}},"type":"if","locations":[{"start":{"line":55,"column":8},"end":{"line":75,"column":null}}]},"15":{"loc":{"start":{"line":56,"column":10},"end":{"line":57,"column":47}},"type":"binary-expr","locations":[{"start":{"line":56,"column":10},"end":{"line":56,"column":42}},{"start":{"line":57,"column":10},"end":{"line":57,"column":47}}]},"16":{"loc":{"start":{"line":59,"column":26},"end":{"line":59,"column":74}},"type":"cond-expr","locations":[{"start":{"line":59,"column":65},"end":{"line":59,"column":67}},{"start":{"line":59,"column":65},"end":{"line":59,"column":74}}]},"17":{"loc":{"start":{"line":59,"column":26},"end":{"line":59,"column":67}},"type":"binary-expr","locations":[{"start":{"line":59,"column":26},"end":{"line":59,"column":67}},{"start":{"line":59,"column":65},"end":{"line":59,"column":67}}]},"18":{"loc":{"start":{"line":59,"column":26},"end":{"line":59,"column":65}},"type":"cond-expr","locations":[{"start":{"line":59,"column":49},"end":{"line":59,"column":52}},{"start":{"line":59,"column":49},"end":{"line":59,"column":65}}]},"19":{"loc":{"start":{"line":59,"column":26},"end":{"line":59,"column":52}},"type":"binary-expr","locations":[{"start":{"line":59,"column":26},"end":{"line":59,"column":52}},{"start":{"line":59,"column":49},"end":{"line":59,"column":52}}]},"20":{"loc":{"start":{"line":61,"column":10},"end":{"line":65,"column":null}},"type":"if","locations":[{"start":{"line":61,"column":10},"end":{"line":65,"column":null}}]},"21":{"loc":{"start":{"line":70,"column":21},"end":{"line":70,"column":34}},"type":"binary-expr","locations":[{"start":{"line":70,"column":21},"end":{"line":70,"column":28}},{"start":{"line":70,"column":32},"end":{"line":70,"column":34}}]}},"s":{"0":1,"1":4,"2":4,"3":0,"4":4,"5":4,"6":0,"7":4,"8":1,"9":3,"10":3,"11":1,"12":2,"13":2,"14":2,"15":2,"16":1,"17":1,"18":1,"19":1,"20":1,"21":2,"22":1},"f":{"0":4},"b":{"0":[0],"1":[4,0],"2":[0],"3":[1],"4":[1],"5":[3,3],"6":[0,2],"7":[2,2],"8":[0,2],"9":[2,2],"10":[0,2],"11":[2,2],"12":[0,2],"13":[2,2],"14":[1],"15":[2,2],"16":[0,1],"17":[1,1],"18":[0,1],"19":[1,1],"20":[1],"21":[1,1]}}
,"/Users/smt/development/package/openai-translation-updater/src/utils/executeCommand.ts": {"path":"/Users/smt/development/package/openai-translation-updater/src/utils/executeCommand.ts","statementMap":{"0":{"start":{"line":1,"column":0},"end":{"line":1,"column":28}},"1":{"start":{"line":3,"column":30},"end":{"line":10,"column":1}},"2":{"start":{"line":4,"column":17},"end":{"line":4,"column":54}},"3":{"start":{"line":5,"column":2},"end":{"line":8,"column":null}},"4":{"start":{"line":6,"column":4},"end":{"line":6,"column":72}},"5":{"start":{"line":7,"column":4},"end":{"line":7,"column":16}},"6":{"start":{"line":9,"column":2},"end":{"line":9,"column":30}},"7":{"start":{"line":3,"column":13},"end":{"line":3,"column":30}}},"fnMap":{"0":{"name":"(anonymous_1)","decl":{"start":{"line":3,"column":30},"end":{"line":3,"column":31}},"loc":{"start":{"line":3,"column":50},"end":{"line":10,"column":1}}}},"branchMap":{"0":{"loc":{"start":{"line":5,"column":2},"end":{"line":8,"column":null}},"type":"if","locations":[{"start":{"line":5,"column":2},"end":{"line":8,"column":null}}]}},"s":{"0":2,"1":2,"2":2,"3":2,"4":1,"5":1,"6":1,"7":2},"f":{"0":2},"b":{"0":[1]}}
,"/Users/smt/development/package/openai-translation-updater/src/utils/generateOpenAiAssistantContent.ts": {"path":"/Users/smt/development/package/openai-translation-updater/src/utils/generateOpenAiAssistantContent.ts","statementMap":{"0":{"start":{"line":2,"column":0},"end":{"line":2,"column":62}},"1":{"start":{"line":4,"column":46},"end":{"line":28,"column":1}},"2":{"start":{"line":11,"column":18},"end":{"line":25,"column":4}},"3":{"start":{"line":27,"column":2},"end":{"line":27,"column":17}},"4":{"start":{"line":4,"column":13},"end":{"line":4,"column":46}}},"fnMap":{"0":{"name":"(anonymous_0)","decl":{"start":{"line":4,"column":46},"end":{"line":4,"column":47}},"loc":{"start":{"line":10,"column":5},"end":{"line":28,"column":1}}}},"branchMap":{},"s":{"0":1,"1":1,"2":1,"3":1,"4":1},"f":{"0":1},"b":{}}
,"/Users/smt/development/package/openai-translation-updater/src/utils/getChangedTranslationFile.ts": {"path":"/Users/smt/development/package/openai-translation-updater/src/utils/getChangedTranslationFile.ts","statementMap":{"0":{"start":{"line":1,"column":0},"end":{"line":1,"column":50}},"1":{"start":{"line":3,"column":41},"end":{"line":30,"column":1}},"2":{"start":{"line":8,"column":18},"end":{"line":8,"column":109}},"3":{"start":{"line":9,"column":17},"end":{"line":9,"column":40}},"4":{"start":{"line":11,"column":2},"end":{"line":17,"column":null}},"5":{"start":{"line":12,"column":4},"end":{"line":16,"column":6}},"6":{"start":{"line":19,"column":26},"end":{"line":19,"column":55}},"7":{"start":{"line":21,"column":2},"end":{"line":27,"column":null}},"8":{"start":{"line":22,"column":4},"end":{"line":26,"column":6}},"9":{"start":{"line":29,"column":2},"end":{"line":29,"column":33}},"10":{"start":{"line":3,"column":13},"end":{"line":3,"column":41}}},"fnMap":{"0":{"name":"(anonymous_0)","decl":{"start":{"line":3,"column":41},"end":{"line":3,"column":42}},"loc":{"start":{"line":7,"column":30},"end":{"line":30,"column":1}}}},"branchMap":{"0":{"loc":{"start":{"line":11,"column":2},"end":{"line":17,"column":null}},"type":"if","locations":[{"start":{"line":11,"column":2},"end":{"line":17,"column":null}}]},"1":{"loc":{"start":{"line":21,"column":2},"end":{"line":27,"column":null}},"type":"if","locations":[{"start":{"line":21,"column":2},"end":{"line":27,"column":null}}]}},"s":{"0":1,"1":1,"2":3,"3":3,"4":3,"5":1,"6":2,"7":2,"8":1,"9":1,"10":1},"f":{"0":3},"b":{"0":[1],"1":[1]}}
,"/Users/smt/development/package/openai-translation-updater/src/utils/updatedItemsToString.ts": {"path":"/Users/smt/development/package/openai-translation-updater/src/utils/updatedItemsToString.ts","statementMap":{"0":{"start":{"line":3,"column":36},"end":{"line":17,"column":1}},"1":{"start":{"line":6,"column":2},"end":{"line":16,"column":16}},"2":{"start":{"line":8,"column":6},"end":{"line":14,"column":8}},"3":{"start":{"line":3,"column":13},"end":{"line":3,"column":36}}},"fnMap":{"0":{"name":"(anonymous_0)","decl":{"start":{"line":3,"column":36},"end":{"line":3,"column":null}},"loc":{"start":{"line":5,"column":12},"end":{"line":17,"column":1}}},"1":{"name":"(anonymous_1)","decl":{"start":{"line":7,"column":9},"end":{"line":7,"column":10}},"loc":{"start":{"line":7,"column":18},"end":{"line":15,"column":5}}}},"branchMap":{},"s":{"0":1,"1":2,"2":4,"3":1},"f":{"0":2,"1":4},"b":{}}
}
