{"/Users/smt/development/package/openai-translation-updater/src/utils/collectUpdatedItems.ts": {"path":"/Users/smt/development/package/openai-translation-updater/src/utils/collectUpdatedItems.ts","statementMap":{"0":{"start":{"line":2,"column":0},"end":{"line":2,"column":70}},"1":{"start":{"line":4,"column":35},"end":{"line":19,"column":1}},"2":{"start":{"line":11,"column":49},"end":{"line":11,"column":51}},"3":{"start":{"line":12,"column":2},"end":{"line":17,"column":5}},"4":{"start":{"line":18,"column":2},"end":{"line":18,"column":22}},"5":{"start":{"line":4,"column":13},"end":{"line":4,"column":35}}},"fnMap":{"0":{"name":"(anonymous_0)","decl":{"start":{"line":4,"column":35},"end":{"line":4,"column":36}},"loc":{"start":{"line":10,"column":31},"end":{"line":19,"column":1}}}},"branchMap":{},"s":{"0":1,"1":1,"2":7,"3":7,"4":7,"5":1},"f":{"0":7},"b":{}}
,"/Users/smt/development/package/openai-translation-updater/src/utils/compareAndCaptureUpdates.ts": {"path":"/Users/smt/development/package/openai-translation-updater/src/utils/compareAndCaptureUpdates.ts","statementMap":{"0":{"start":{"line":2,"column":0},"end":{"line":2,"column":60}},"1":{"start":{"line":4,"column":40},"end":{"line":17,"column":1}},"2":{"start":{"line":11,"column":23},"end":{"line":11,"column":74}},"3":{"start":{"line":13,"column":2},"end":{"line":16,"column":4}},"4":{"start":{"line":4,"column":13},"end":{"line":4,"column":40}}},"fnMap":{"0":{"name":"(anonymous_0)","decl":{"start":{"line":4,"column":40},"end":{"line":4,"column":41}},"loc":{"start":{"line":10,"column":29},"end":{"line":17,"column":1}}}},"branchMap":{"0":{"loc":{"start":{"line":14,"column":16},"end":{"line":14,"column":48}},"type":"binary-expr","locations":[{"start":{"line":14,"column":16},"end":{"line":14,"column":40}},{"start":{"line":14,"column":44},"end":{"line":14,"column":48}}]}},"s":{"0":1,"1":1,"2":7,"3":7,"4":1},"f":{"0":7},"b":{"0":[7,7]}}
,"/Users/smt/development/package/openai-translation-updater/src/utils/executeCommand.ts": {"path":"/Users/smt/development/package/openai-translation-updater/src/utils/executeCommand.ts","statementMap":{"0":{"start":{"line":1,"column":0},"end":{"line":1,"column":28}},"1":{"start":{"line":3,"column":30},"end":{"line":10,"column":1}},"2":{"start":{"line":4,"column":17},"end":{"line":4,"column":54}},"3":{"start":{"line":5,"column":2},"end":{"line":8,"column":null}},"4":{"start":{"line":6,"column":4},"end":{"line":6,"column":72}},"5":{"start":{"line":7,"column":4},"end":{"line":7,"column":16}},"6":{"start":{"line":9,"column":2},"end":{"line":9,"column":30}},"7":{"start":{"line":3,"column":13},"end":{"line":3,"column":30}}},"fnMap":{"0":{"name":"(anonymous_1)","decl":{"start":{"line":3,"column":30},"end":{"line":3,"column":31}},"loc":{"start":{"line":3,"column":50},"end":{"line":10,"column":1}}}},"branchMap":{"0":{"loc":{"start":{"line":5,"column":2},"end":{"line":8,"column":null}},"type":"if","locations":[{"start":{"line":5,"column":2},"end":{"line":8,"column":null}}]}},"s":{"0":3,"1":3,"2":2,"3":2,"4":1,"5":1,"6":1,"7":3},"f":{"0":2},"b":{"0":[1]}}
,"/Users/smt/development/package/openai-translation-updater/src/utils/generateOpenAiAssistantContent.ts": {"path":"/Users/smt/development/package/openai-translation-updater/src/utils/generateOpenAiAssistantContent.ts","statementMap":{"0":{"start":{"line":2,"column":0},"end":{"line":2,"column":61}},"1":{"start":{"line":4,"column":46},"end":{"line":30,"column":1}},"2":{"start":{"line":13,"column":18},"end":{"line":27,"column":4}},"3":{"start":{"line":29,"column":2},"end":{"line":29,"column":17}},"4":{"start":{"line":4,"column":13},"end":{"line":4,"column":46}}},"fnMap":{"0":{"name":"(anonymous_0)","decl":{"start":{"line":4,"column":46},"end":{"line":4,"column":47}},"loc":{"start":{"line":12,"column":5},"end":{"line":30,"column":1}}}},"branchMap":{},"s":{"0":1,"1":1,"2":1,"3":1,"4":1},"f":{"0":1},"b":{}}
,"/Users/smt/development/package/openai-translation-updater/src/utils/getChangedTranslationFile.ts": {"path":"/Users/smt/development/package/openai-translation-updater/src/utils/getChangedTranslationFile.ts","statementMap":{"0":{"start":{"line":1,"column":0},"end":{"line":1,"column":50}},"1":{"start":{"line":3,"column":13},"end":{"line":4,"column":53}},"2":{"start":{"line":6,"column":41},"end":{"line":29,"column":1}},"3":{"start":{"line":11,"column":18},"end":{"line":11,"column":109}},"4":{"start":{"line":12,"column":17},"end":{"line":12,"column":40}},"5":{"start":{"line":14,"column":2},"end":{"line":16,"column":null}},"6":{"start":{"line":15,"column":4},"end":{"line":15,"column":54}},"7":{"start":{"line":18,"column":26},"end":{"line":18,"column":55}},"8":{"start":{"line":20,"column":2},"end":{"line":26,"column":null}},"9":{"start":{"line":21,"column":4},"end":{"line":25,"column":6}},"10":{"start":{"line":28,"column":2},"end":{"line":28,"column":33}},"11":{"start":{"line":6,"column":13},"end":{"line":6,"column":41}}},"fnMap":{"0":{"name":"(anonymous_0)","decl":{"start":{"line":6,"column":41},"end":{"line":6,"column":42}},"loc":{"start":{"line":10,"column":30},"end":{"line":29,"column":1}}}},"branchMap":{"0":{"loc":{"start":{"line":14,"column":2},"end":{"line":16,"column":null}},"type":"if","locations":[{"start":{"line":14,"column":2},"end":{"line":16,"column":null}}]},"1":{"loc":{"start":{"line":20,"column":2},"end":{"line":26,"column":null}},"type":"if","locations":[{"start":{"line":20,"column":2},"end":{"line":26,"column":null}}]}},"s":{"0":1,"1":1,"2":1,"3":3,"4":3,"5":3,"6":1,"7":2,"8":2,"9":1,"10":1,"11":1},"f":{"0":3},"b":{"0":[1],"1":[1]}}
,"/Users/smt/development/package/openai-translation-updater/src/utils/getContextFromKeysPath.ts": {"path":"/Users/smt/development/package/openai-translation-updater/src/utils/getContextFromKeysPath.ts","statementMap":{"0":{"start":{"line":3,"column":38},"end":{"line":19,"column":1}},"1":{"start":{"line":10,"column":2},"end":{"line":10,"column":56}},"2":{"start":{"line":10,"column":28},"end":{"line":10,"column":56}},"3":{"start":{"line":11,"column":14},"end":{"line":11,"column":24}},"4":{"start":{"line":12,"column":2},"end":{"line":17,"column":null}},"5":{"start":{"line":13,"column":4},"end":{"line":16,"column":7}},"6":{"start":{"line":18,"column":2},"end":{"line":18,"column":19}},"7":{"start":{"line":3,"column":13},"end":{"line":3,"column":38}}},"fnMap":{"0":{"name":"(anonymous_0)","decl":{"start":{"line":3,"column":38},"end":{"line":3,"column":39}},"loc":{"start":{"line":9,"column":25},"end":{"line":19,"column":1}}}},"branchMap":{"0":{"loc":{"start":{"line":10,"column":2},"end":{"line":10,"column":56}},"type":"if","locations":[{"start":{"line":10,"column":2},"end":{"line":10,"column":56}}]},"1":{"loc":{"start":{"line":12,"column":2},"end":{"line":17,"column":null}},"type":"if","locations":[{"start":{"line":12,"column":2},"end":{"line":17,"column":null}}]}},"s":{"0":1,"1":18,"2":7,"3":11,"4":11,"5":11,"6":0,"7":1},"f":{"0":18},"b":{"0":[7],"1":[11]}}
,"/Users/smt/development/package/openai-translation-updater/src/utils/getFileContent.ts": {"path":"/Users/smt/development/package/openai-translation-updater/src/utils/getFileContent.ts","statementMap":{"0":{"start":{"line":1,"column":0},"end":{"line":1,"column":50}},"1":{"start":{"line":3,"column":30},"end":{"line":7,"column":1}},"2":{"start":{"line":4,"column":18},"end":{"line":4,"column":50}},"3":{"start":{"line":5,"column":17},"end":{"line":5,"column":40}},"4":{"start":{"line":6,"column":2},"end":{"line":6,"column":42}},"5":{"start":{"line":3,"column":13},"end":{"line":3,"column":30}}},"fnMap":{"0":{"name":"(anonymous_0)","decl":{"start":{"line":3,"column":30},"end":{"line":3,"column":31}},"loc":{"start":{"line":3,"column":67},"end":{"line":7,"column":1}}}},"branchMap":{"0":{"loc":{"start":{"line":6,"column":9},"end":{"line":6,"column":41}},"type":"cond-expr","locations":[{"start":{"line":6,"column":18},"end":{"line":6,"column":36}},{"start":{"line":6,"column":39},"end":{"line":6,"column":41}}]}},"s":{"0":1,"1":1,"2":3,"3":3,"4":3,"5":1},"f":{"0":3},"b":{"0":[2,1]}}
,"/Users/smt/development/package/openai-translation-updater/src/utils/getKeyPathItemAndContext.ts": {"path":"/Users/smt/development/package/openai-translation-updater/src/utils/getKeyPathItemAndContext.ts","statementMap":{"0":{"start":{"line":2,"column":0},"end":{"line":2,"column":66}},"1":{"start":{"line":4,"column":40},"end":{"line":42,"column":1}},"2":{"start":{"line":17,"column":2},"end":{"line":41,"column":null}},"3":{"start":{"line":18,"column":4},"end":{"line":28,"column":null}},"4":{"start":{"line":19,"column":6},"end":{"line":27,"column":null}},"5":{"start":{"line":20,"column":8},"end":{"line":26,"column":11}},"6":{"start":{"line":29,"column":9},"end":{"line":41,"column":null}},"7":{"start":{"line":33,"column":4},"end":{"line":40,"column":7}},"8":{"start":{"line":4,"column":13},"end":{"line":4,"column":40}}},"fnMap":{"0":{"name":"(anonymous_0)","decl":{"start":{"line":4,"column":40},"end":{"line":4,"column":41}},"loc":{"start":{"line":16,"column":5},"end":{"line":42,"column":1}}}},"branchMap":{"0":{"loc":{"start":{"line":9,"column":2},"end":{"line":9,"column":14}},"type":"default-arg","locations":[{"start":{"line":9,"column":12},"end":{"line":9,"column":14}}]},"1":{"loc":{"start":{"line":17,"column":2},"end":{"line":41,"column":null}},"type":"if","locations":[{"start":{"line":17,"column":2},"end":{"line":41,"column":null}},{"start":{"line":29,"column":9},"end":{"line":41,"column":null}}]},"2":{"loc":{"start":{"line":17,"column":6},"end":{"line":17,"column":74}},"type":"binary-expr","locations":[{"start":{"line":17,"column":6},"end":{"line":17,"column":39}},{"start":{"line":17,"column":43},"end":{"line":17,"column":74}}]},"3":{"loc":{"start":{"line":19,"column":6},"end":{"line":27,"column":null}},"type":"if","locations":[{"start":{"line":19,"column":6},"end":{"line":27,"column":null}}]},"4":{"loc":{"start":{"line":29,"column":9},"end":{"line":41,"column":null}},"type":"if","locations":[{"start":{"line":29,"column":9},"end":{"line":41,"column":null}}]},"5":{"loc":{"start":{"line":30,"column":4},"end":{"line":31,"column":70}},"type":"binary-expr","locations":[{"start":{"line":30,"column":4},"end":{"line":30,"column":37}},{"start":{"line":31,"column":5},"end":{"line":31,"column":36}},{"start":{"line":31,"column":40},"end":{"line":31,"column":69}}]}},"s":{"0":1,"1":1,"2":30,"3":19,"4":23,"5":23,"6":11,"7":7,"8":1},"f":{"0":30},"b":{"0":[7],"1":[19,11],"2":[30,19],"3":[23],"4":[7],"5":[11,11,11]}}
,"/Users/smt/development/package/openai-translation-updater/src/utils/updateOtherLanguage.ts": {"path":"/Users/smt/development/package/openai-translation-updater/src/utils/updateOtherLanguage.ts","statementMap":{"0":{"start":{"line":1,"column":0},"end":{"line":1,"column":20}},"1":{"start":{"line":2,"column":0},"end":{"line":2,"column":24}},"2":{"start":{"line":5,"column":35},"end":{"line":49,"column":1}},"3":{"start":{"line":14,"column":2},"end":{"line":48,"column":5}},"4":{"start":{"line":15,"column":4},"end":{"line":15,"column":56}},"5":{"start":{"line":16,"column":21},"end":{"line":16,"column":68}},"6":{"start":{"line":18,"column":33},"end":{"line":20,"column":10}},"7":{"start":{"line":22,"column":4},"end":{"line":41,"column":7}},"8":{"start":{"line":23,"column":49},"end":{"line":23,"column":53}},"9":{"start":{"line":26,"column":20},"end":{"line":26,"column":31}},"10":{"start":{"line":28,"column":8},"end":{"line":28,"column":38}},"11":{"start":{"line":28,"column":31},"end":{"line":28,"column":38}},"12":{"start":{"line":30,"column":8},"end":{"line":37,"column":null}},"13":{"start":{"line":31,"column":10},"end":{"line":31,"column":40}},"14":{"start":{"line":33,"column":10},"end":{"line":35,"column":null}},"15":{"start":{"line":34,"column":12},"end":{"line":34,"column":26}},"16":{"start":{"line":36,"column":10},"end":{"line":36,"column":52}},"17":{"start":{"line":40,"column":6},"end":{"line":40,"column":58}},"18":{"start":{"line":43,"column":4},"end":{"line":47,"column":6}},"19":{"start":{"line":5,"column":13},"end":{"line":5,"column":35}}},"fnMap":{"0":{"name":"(anonymous_1)","decl":{"start":{"line":5,"column":35},"end":{"line":5,"column":36}},"loc":{"start":{"line":13,"column":5},"end":{"line":49,"column":1}}},"1":{"name":"(anonymous_2)","decl":{"start":{"line":14,"column":24},"end":{"line":14,"column":25}},"loc":{"start":{"line":14,"column":33},"end":{"line":48,"column":3}}},"2":{"name":"(anonymous_3)","decl":{"start":{"line":22,"column":27},"end":{"line":22,"column":28}},"loc":{"start":{"line":22,"column":60},"end":{"line":41,"column":5}}},"3":{"name":"updateOrCreate","decl":{"start":{"line":25,"column":15},"end":{"line":25,"column":29}},"loc":{"start":{"line":25,"column":69},"end":{"line":38,"column":7}}}},"branchMap":{"0":{"loc":{"start":{"line":18,"column":33},"end":{"line":20,"column":10}},"type":"cond-expr","locations":[{"start":{"line":19,"column":8},"end":{"line":19,"column":54}},{"start":{"line":20,"column":8},"end":{"line":20,"column":10}}]},"1":{"loc":{"start":{"line":28,"column":8},"end":{"line":28,"column":38}},"type":"if","locations":[{"start":{"line":28,"column":8},"end":{"line":28,"column":38}}]},"2":{"loc":{"start":{"line":30,"column":8},"end":{"line":37,"column":null}},"type":"if","locations":[{"start":{"line":30,"column":8},"end":{"line":37,"column":null}},{"start":{"line":32,"column":15},"end":{"line":37,"column":null}}]},"3":{"loc":{"start":{"line":33,"column":10},"end":{"line":35,"column":null}},"type":"if","locations":[{"start":{"line":33,"column":10},"end":{"line":35,"column":null}}]},"4":{"loc":{"start":{"line":33,"column":14},"end":{"line":33,"column":55}},"type":"binary-expr","locations":[{"start":{"line":33,"column":14},"end":{"line":33,"column":23}},{"start":{"line":33,"column":27},"end":{"line":33,"column":55}}]}},"s":{"0":1,"1":1,"2":1,"3":1,"4":1,"5":1,"6":1,"7":1,"8":1,"9":2,"10":2,"11":0,"12":2,"13":1,"14":1,"15":0,"16":1,"17":1,"18":1,"19":1},"f":{"0":1,"1":1,"2":1,"3":2},"b":{"0":[1,0],"1":[0],"2":[1,1],"3":[0],"4":[1,1]}}
,"/Users/smt/development/package/openai-translation-updater/src/utils/updatedItemsToString.ts": {"path":"/Users/smt/development/package/openai-translation-updater/src/utils/updatedItemsToString.ts","statementMap":{"0":{"start":{"line":3,"column":35},"end":{"line":10,"column":1}},"1":{"start":{"line":6,"column":2},"end":{"line":9,"column":4}},"2":{"start":{"line":3,"column":13},"end":{"line":3,"column":35}}},"fnMap":{"0":{"name":"(anonymous_0)","decl":{"start":{"line":3,"column":35},"end":{"line":3,"column":null}},"loc":{"start":{"line":5,"column":12},"end":{"line":10,"column":1}}}},"branchMap":{},"s":{"0":2,"1":3,"2":2},"f":{"0":3},"b":{}}
}
