TN:
SF:src/utils/compareAndCaptureUpdates.ts
FN:7,(anonymous_0)
FNF:1
FNH:1
FNDA:4,(anonymous_0)
DA:7,1
DA:14,4
DA:20,4
DA:24,0
DA:27,4
DA:29,4
DA:31,4
DA:32,1
DA:37,3
DA:38,3
DA:39,1
DA:44,2
DA:48,2
DA:52,2
DA:55,2
DA:59,1
DA:61,1
DA:62,1
DA:67,1
DA:74,1
DA:80,2
LF:21
LH:20
BRDA:20,0,0,0
BRDA:21,1,0,4
BRDA:21,1,1,0
BRDA:29,2,0,0
BRDA:31,3,0,1
BRDA:38,4,0,1
BRDA:38,5,0,3
BRDA:38,5,1,3
BRDA:48,6,0,0
BRDA:48,6,1,2
BRDA:48,7,0,2
BRDA:48,7,1,2
BRDA:48,8,0,0
BRDA:48,8,1,2
BRDA:48,9,0,2
BRDA:48,9,1,2
BRDA:52,10,0,0
BRDA:52,10,1,2
BRDA:52,11,0,2
BRDA:52,11,1,2
BRDA:52,12,0,0
BRDA:52,12,1,2
BRDA:52,13,0,2
BRDA:52,13,1,2
BRDA:55,14,0,1
BRDA:56,15,0,2
BRDA:56,15,1,2
BRDA:59,16,0,0
BRDA:59,16,1,1
BRDA:59,17,0,1
BRDA:59,17,1,1
BRDA:59,18,0,0
BRDA:59,18,1,1
BRDA:59,19,0,1
BRDA:59,19,1,1
BRDA:61,20,0,1
BRDA:70,21,0,1
BRDA:70,21,1,1
BRF:38
BRH:29
end_of_record
TN:
SF:src/utils/executeCommand.ts
FN:3,(anonymous_1)
FNF:1
FNH:1
FNDA:2,(anonymous_1)
DA:1,3
DA:3,3
DA:4,2
DA:5,2
DA:6,1
DA:7,1
DA:9,1
LF:7
LH:7
BRDA:5,0,0,1
BRF:1
BRH:1
end_of_record
TN:
SF:src/utils/generateOpenAiAssistantContent.ts
FN:4,(anonymous_0)
FNF:1
FNH:1
FNDA:1,(anonymous_0)
DA:2,1
DA:4,1
DA:11,1
DA:27,1
LF:4
LH:4
BRF:0
BRH:0
end_of_record
TN:
SF:src/utils/getChangedTranslationFile.ts
FN:3,(anonymous_0)
FNF:1
FNH:1
FNDA:3,(anonymous_0)
DA:1,1
DA:3,1
DA:8,3
DA:9,3
DA:11,3
DA:12,1
DA:19,2
DA:21,2
DA:22,1
DA:29,1
LF:10
LH:10
BRDA:11,0,0,1
BRDA:21,1,0,1
BRF:2
BRH:2
end_of_record
TN:
SF:src/utils/getFileContent.ts
FN:3,(anonymous_0)
FNF:1
FNH:1
FNDA:3,(anonymous_0)
DA:1,1
DA:3,1
DA:4,3
DA:5,3
DA:6,3
LF:5
LH:5
BRDA:6,0,0,2
BRDA:6,0,1,1
BRF:2
BRH:2
end_of_record
TN:
SF:src/utils/updatedItemsToString.ts
FN:3,(anonymous_0)
FN:7,(anonymous_1)
FNF:2
FNH:2
FNDA:5,(anonymous_0)
FNDA:7,(anonymous_1)
DA:3,2
DA:6,5
DA:8,7
LF:3
LH:3
BRF:0
BRH:0
end_of_record
