TN:
SF:src/utils/compareAndCaptureUpdates.ts
FN:7,(anonymous_0)
FNF:1
FNH:1
FNDA:4,(anonymous_0)
DA:7,1
DA:14,4
DA:20,4
DA:24,0
DA:27,4
DA:29,4
DA:31,4
DA:32,1
DA:37,3
DA:38,3
DA:39,1
DA:44,2
DA:48,2
DA:52,2
DA:55,2
DA:59,1
DA:61,1
DA:62,1
DA:67,1
DA:74,1
DA:80,2
LF:21
LH:20
BRDA:20,0,0,0
BRDA:21,1,0,4
BRDA:21,1,1,0
BRDA:29,2,0,0
BRDA:31,3,0,1
BRDA:38,4,0,1
BRDA:38,5,0,3
BRDA:38,5,1,3
BRDA:48,6,0,0
BRDA:48,6,1,2
BRDA:48,7,0,2
BRDA:48,7,1,2
BRDA:48,8,0,0
BRDA:48,8,1,2
BRDA:48,9,0,2
BRDA:48,9,1,2
BRDA:52,10,0,0
BRDA:52,10,1,2
BRDA:52,11,0,2
BRDA:52,11,1,2
BRDA:52,12,0,0
BRDA:52,12,1,2
BRDA:52,13,0,2
BRDA:52,13,1,2
BRDA:55,14,0,1
BRDA:56,15,0,2
BRDA:56,15,1,2
BRDA:59,16,0,0
BRDA:59,16,1,1
BRDA:59,17,0,1
BRDA:59,17,1,1
BRDA:59,18,0,0
BRDA:59,18,1,1
BRDA:59,19,0,1
BRDA:59,19,1,1
BRDA:61,20,0,1
BRDA:70,21,0,1
BRDA:70,21,1,1
BRF:38
BRH:29
end_of_record
